生成启动时间为 2017/6/19 18:45:15。
     1>项目“G:\StreamMedia\StreamMediaControl\StreamMediaControl.vcxproj”在节点 2 上(build 个目标)。
     1>InitializeBuildStatus:
         正在创建“Debug\StreamMediaControl.unsuccessfulbuild”，因为已指定“AlwaysCreate”。
       ClCompile:
         C:\Program Files (x86)\Microsoft Visual Studio 10.0\VC\bin\CL.exe /c /I"D:\Visual Leak Detector\include" /ZI /nologo /W3 /WX- /Od /Oy- /D WIN32 /D _WINDOWS /D _DEBUG /D _UNICODE /D UNICODE /D _AFXDLL /Gm /EHsc /RTC1 /MDd /GS /fp:precise /Zc:wchar_t /Zc:forScope /Yc"StdAfx.h" /Fp"Debug\StreamMediaControl.pch" /Fo"Debug\\" /Fd"Debug\vc100.pdb" /Gd /TP /analyze- /errorReport:prompt stdafx.cpp
         stdafx.cpp
         C:\Program Files (x86)\Microsoft Visual Studio 10.0\VC\bin\CL.exe /c /I"D:\Visual Leak Detector\include" /ZI /nologo /W3 /WX- /Od /Oy- /D WIN32 /D _WINDOWS /D _DEBUG /D _UNICODE /D UNICODE /D _AFXDLL /Gm /EHsc /RTC1 /MDd /GS /fp:precise /Zc:wchar_t /Zc:forScope /Yu"StdAfx.h" /Fp"Debug\StreamMediaControl.pch" /Fo"Debug\\" /Fd"Debug\vc100.pdb" /Gd /TP /analyze- /errorReport:prompt StreamMediaControl.cpp StreamMediaControlDlg.cpp
         StreamMediaControlDlg.cpp
         StreamMediaControl.cpp
         正在生成代码...
       ResourceCompile:
         C:\Program Files (x86)\Microsoft SDKs\Windows\v7.0A\bin\rc.exe /D _DEBUG /D _UNICODE /D UNICODE /D _AFXDLL /l"0x0804" /IDebug\ /nologo /fo"Debug\StreamMediaControl.res" StreamMediaControl.rc 
       ManifestResourceCompile:
         C:\Program Files (x86)\Microsoft SDKs\Windows\v7.0A\bin\rc.exe /nologo /fo"Debug\StreamMediaControl.exe.embed.manifest.res" Debug\StreamMediaControl_manifest.rc 
       Link:
         C:\Program Files (x86)\Microsoft Visual Studio 10.0\VC\bin\link.exe /ERRORREPORT:PROMPT /OUT:"G:\StreamMedia\Debug\StreamMediaControl.exe" /INCREMENTAL /NOLOGO /LIBPATH:"D:\Visual Leak Detector\lib\Win32" /MANIFEST /ManifestFile:"Debug\StreamMediaControl.exe.intermediate.manifest" /MANIFESTUAC:"level='asInvoker' uiAccess='false'" /DEBUG /PDB:"G:\StreamMedia\Debug\StreamMediaControl.pdb" /SUBSYSTEM:WINDOWS /TLBID:1 /ENTRY:"wWinMainCRTStartup" /DYNAMICBASE /NXCOMPAT /IMPLIB:"G:\StreamMedia\Debug\StreamMediaControl.lib" /MACHINE:X86 Debug\StreamMediaControl.res
         Debug\StreamMediaControl.exe.embed.manifest.res
         Debug\stdafx.obj
         Debug\StreamMediaControl.obj
         Debug\StreamMediaControlDlg.obj
       Manifest:
         C:\Program Files (x86)\Microsoft SDKs\Windows\v7.0A\bin\mt.exe /nologo /verbose /out:"Debug\StreamMediaControl.exe.embed.manifest" /manifest Debug\StreamMediaControl.exe.intermediate.manifest "C:\Program Files (x86)\Microsoft Visual Studio 10.0\VC\Include\Manifest\dpiaware.manifest"
         C:\Program Files (x86)\Microsoft SDKs\Windows\v7.0A\bin\rc.exe /nologo /fo"Debug\StreamMediaControl.exe.embed.manifest.res" Debug\StreamMediaControl_manifest.rc 
       LinkEmbedManifest:
         C:\Program Files (x86)\Microsoft Visual Studio 10.0\VC\bin\link.exe /ERRORREPORT:PROMPT /OUT:"G:\StreamMedia\Debug\StreamMediaControl.exe" /INCREMENTAL /NOLOGO /LIBPATH:"D:\Visual Leak Detector\lib\Win32" /MANIFEST /ManifestFile:"Debug\StreamMediaControl.exe.intermediate.manifest" /MANIFESTUAC:"level='asInvoker' uiAccess='false'" /DEBUG /PDB:"G:\StreamMedia\Debug\StreamMediaControl.pdb" /SUBSYSTEM:WINDOWS /TLBID:1 /ENTRY:"wWinMainCRTStartup" /DYNAMICBASE /NXCOMPAT /IMPLIB:"G:\StreamMedia\Debug\StreamMediaControl.lib" /MACHINE:X86 Debug\StreamMediaControl.res
         Debug\StreamMediaControl.exe.embed.manifest.res
         Debug\stdafx.obj
         Debug\StreamMediaControl.obj
         Debug\StreamMediaControlDlg.obj
         StreamMediaControl.vcxproj -> G:\StreamMedia\Debug\StreamMediaControl.exe
       FinalizeBuildStatus:
         正在删除文件“Debug\StreamMediaControl.unsuccessfulbuild”。
         正在对“Debug\StreamMediaControl.lastbuildstate”执行 Touch 任务。
     1>已完成生成项目“G:\StreamMedia\StreamMediaControl\StreamMediaControl.vcxproj”(build 个目标)的操作。

生成成功。

已用时间 00:00:05.45
